{"uuid":"1620b3a4-c859-4695-97d1-b6e92994ac14","historyId":"df68d0f0b3f8dd2ac1599a61cbb962f","fullName":"src/test/java/Features/login.feature:22","labels":[{"name":"tag","value":"tag"},{"name":"host","value":"LAPTOP-2SD6C1QF"},{"name":"thread","value":"34596@LAPTOP-2SD6C1QF.main(1)"},{"name":"feature","value":"Free CRM Login feature"},{"name":"story","value":"Free CRM Login Test Application"},{"name":"suite","value":"Free CRM Login feature"},{"name":"testClass","value":"Free CRM Login Test Application"},{"name":"framework","value":"cucumber4jvm"},{"name":"language","value":"java"},{"name":"gherkin_uri","value":"file:///C:/Users/Prk/eclipse-workspace-2024/FreeCRMBDDCucumber/src/test/java/Features/login.feature"},{"name":"package","value":"src.test.java.Features.login_feature.Free CRM Login feature"}],"links":[],"name":"Free CRM Login Test Application","status":"failed","statusDetails":{"known":false,"muted":false,"flaky":false,"message":"expected [FREECRM] but found [Free CRM]","trace":"java.lang.AssertionError: expected [FREECRM] but found [Free CRM]\r\n\tat org.testng.Assert.fail(Assert.java:99)\r\n\tat org.testng.Assert.failNotEquals(Assert.java:1037)\r\n\tat org.testng.Assert.assertEqualsImpl(Assert.java:140)\r\n\tat org.testng.Assert.assertEquals(Assert.java:122)\r\n\tat org.testng.Assert.assertEquals(Assert.java:629)\r\n\tat org.testng.Assert.assertEquals(Assert.java:639)\r\n\tat stepDefinition.LoginStepDefinition.user_is_on_home_page(LoginStepDefinition.java:57)\r\n\tat ✽.user is on home page(file:///C:/Users/Prk/eclipse-workspace-2024/FreeCRMBDDCucumber/src/test/java/Features/login.feature:27)\r\n"},"stage":"finished","steps":[{"name":"Given  user is on Login Page","status":"passed","statusDetails":{"known":false,"muted":false,"flaky":false},"stage":"finished","steps":[],"attachments":[],"parameters":[],"start":1770628712346,"stop":1770628721084},{"name":"When  title of login page is Free CRM","status":"passed","statusDetails":{"known":false,"muted":false,"flaky":false},"stage":"finished","steps":[],"attachments":[],"parameters":[],"start":1770628721094,"stop":1770628721120},{"name":"Then  user enters username and password","status":"passed","statusDetails":{"known":false,"muted":false,"flaky":false},"stage":"finished","steps":[],"attachments":[],"parameters":[],"start":1770628721121,"stop":1770628721615},{"name":"Then  user clicks on login button","status":"passed","statusDetails":{"known":false,"muted":false,"flaky":false},"stage":"finished","steps":[],"attachments":[],"parameters":[],"start":1770628721615,"stop":1770628721766},{"name":"Then  user is on home page","status":"failed","statusDetails":{"known":false,"muted":false,"flaky":false,"message":"expected [FREECRM] but found [Free CRM]","trace":"java.lang.AssertionError: expected [FREECRM] but found [Free CRM]\r\n\tat org.testng.Assert.fail(Assert.java:99)\r\n\tat org.testng.Assert.failNotEquals(Assert.java:1037)\r\n\tat org.testng.Assert.assertEqualsImpl(Assert.java:140)\r\n\tat org.testng.Assert.assertEquals(Assert.java:122)\r\n\tat org.testng.Assert.assertEquals(Assert.java:629)\r\n\tat org.testng.Assert.assertEquals(Assert.java:639)\r\n\tat stepDefinition.LoginStepDefinition.user_is_on_home_page(LoginStepDefinition.java:57)\r\n\tat ✽.user is on home page(file:///C:/Users/Prk/eclipse-workspace-2024/FreeCRMBDDCucumber/src/test/java/Features/login.feature:27)\r\n"},"stage":"finished","steps":[],"attachments":[],"parameters":[],"start":1770628721766,"stop":1770628721794}],"attachments":[],"parameters":[],"start":1770628712338,"stop":1770628721825}